<?xml version="1.0" encoding="UTF-8"?>
<!-- Generated by org.testng.reporters.JUnitReportReporter -->
<testsuite hostname="DESKTOP-9B8839P" failures="1" tests="13" name="testRunners.TestRunner" time="507.782" errors="0" timestamp="2022-08-18T18:59:35 EDT" skipped="0">
  <testcase classname="testRunners.TestRunner" name="runScenario" time="50.236"/>
  <system-out/>
  <testcase classname="testRunners.TestRunner" name="runScenario" time="50.036"/>
  <system-out/>
  <testcase classname="testRunners.TestRunner" name="runScenario" time="50.599"/>
  <system-out/>
  <testcase classname="testRunners.TestRunner" name="runScenario" time="51.631"/>
  <system-out/>
  <testcase classname="testRunners.TestRunner" name="runScenario" time="47.524">
    <failure message="expected [Rahul Shetty Academy123] but found [Rahul Shetty Academy]" type="java.lang.AssertionError">
      <![CDATA[java.lang.AssertionError: expected [Rahul Shetty Academy123] but found [Rahul Shetty Academy]
at org.testng.Assert.fail(Assert.java:110)
at org.testng.Assert.failNotEquals(Assert.java:1413)
at org.testng.Assert.assertEqualsImpl(Assert.java:149)
at org.testng.Assert.assertEquals(Assert.java:131)
at org.testng.Assert.assertEquals(Assert.java:655)
at org.testng.Assert.assertEquals(Assert.java:665)
at stepDefinitions.LandingPageStep.login_page_tittle_should_be(LandingPageStep.java:69)
at âœ½.login page tittle should be "Rahul Shetty Academy123"(file:///D:/IT%20Square/POM/Harsh_Cucumber_POM_Framework/src/test/resources/appFeatures/LandingPage.feature:22)
]]>
    </failure>
  </testcase> <!-- runScenario -->
  <system-out/>
  <testcase classname="testRunners.TestRunner" name="runScenario" time="8.895"/>
  <system-out/>
  <testcase classname="testRunners.TestRunner" name="runScenario" time="43.482"/>
  <system-out/>
  <testcase classname="testRunners.TestRunner" name="runScenario" time="9.169"/>
  <system-out/>
  <testcase classname="testRunners.TestRunner" name="runScenario" time="49.903"/>
  <system-out/>
  <testcase classname="testRunners.TestRunner" name="runScenario" time="50.315"/>
  <system-out/>
  <testcase classname="testRunners.TestRunner" name="runScenario" time="42.871"/>
  <system-out/>
  <testcase classname="testRunners.TestRunner" name="runScenario" time="6.288"/>
  <system-out/>
  <testcase classname="testRunners.TestRunner" name="runScenario" time="46.833"/>
  <system-out/>
</testsuite> <!-- testRunners.TestRunner -->
