<html>
<head>
<title>TestNG:  Landing Page Features</title>
<link href="../testng.css" rel="stylesheet" type="text/css" />
<link href="../my-testng.css" rel="stylesheet" type="text/css" />

<style type="text/css">
.log { display: none;} 
.stack-trace { display: none;} 
</style>
<script type="text/javascript">
<!--
function flip(e) {
  current = e.style.display;
  if (current == 'block') {
    e.style.display = 'none';
    return 0;
  }
  else {
    e.style.display = 'block';
    return 1;
  }
}

function toggleBox(szDivId, elem, msg1, msg2)
{
  var res = -1;  if (document.getElementById) {
    res = flip(document.getElementById(szDivId));
  }
  else if (document.all) {
    // this is the way old msie versions work
    res = flip(document.all[szDivId]);
  }
  if(elem) {
    if(res == 0) elem.innerHTML = msg1; else elem.innerHTML = msg2;
  }

}

function toggleAllBoxes() {
  if (document.getElementsByTagName) {
    d = document.getElementsByTagName('div');
    for (i = 0; i < d.length; i++) {
      if (d[i].className == 'log') {
        flip(d[i]);
      }
    }
  }
}

// -->
</script>

</head>
<body>
<h2 align='center'>Landing Page Features</h2><table border='1' align="center">
<tr>
<td>Tests passed/Failed/Skipped:</td><td>12/1/0</td>
</tr><tr>
<td>Started on:</td><td>Thu Aug 18 18:58:35 EDT 2022</td>
</tr>
<tr><td>Total time:</td><td>59 seconds (59732 ms)</td>
</tr><tr>
<td>Included groups:</td><td></td>
</tr><tr>
<td>Excluded groups:</td><td></td>
</tr>
</table><p/>
<small><i>(Hover the method name to see the test class name)</i></small><p/>
<table width='100%' border='1' class='invocation-failed'>
<tr><td colspan='4' align='center'><b>FAILED TESTS</b></td></tr>
<tr><td><b>Test method</b></td>
<td><b>Attribute(s)</b></td>
<td width="30%"><b>Exception</b></td>
<td width="10%"><b>Time (seconds)</b></td>
<td><b>Instance</b></td>
</tr>
<tr>
<td title='testRunners.TestRunner.runScenario()'><b>runScenario</b><br>Test class: testRunners.TestRunner<br>Test method: Runs Cucumber Scenarios<br>Parameters: "Login button verification and landing on login Page", "Landing Page Tests are written here"</td>
<td><div><pre>java.lang.AssertionError: expected [Rahul Shetty Academy123] but found [Rahul Shetty Academy]
	at stepDefinitions.LandingPageStep.login_page_tittle_should_be(LandingPageStep.java:69)
	at ?.login page tittle should be &quot;Rahul Shetty Academy123&quot;(file:///D:/IT%20Square/POM/Harsh_Cucumber_POM_Framework/src/test/resources/appFeatures/LandingPage.feature:22)
... Removed 6 stack frames</pre></div><a href='#' onClick='toggleBox("stack-trace628121813", this, "Click to show all stack frames", "Click to hide stack frames")'>Click to show all stack frames</a>
<div class='stack-trace' id='stack-trace628121813'><pre>java.lang.AssertionError: expected [Rahul Shetty Academy123] but found [Rahul Shetty Academy]
	at org.testng.Assert.fail(Assert.java:110)
	at org.testng.Assert.failNotEquals(Assert.java:1413)
	at org.testng.Assert.assertEqualsImpl(Assert.java:149)
	at org.testng.Assert.assertEquals(Assert.java:131)
	at org.testng.Assert.assertEquals(Assert.java:655)
	at org.testng.Assert.assertEquals(Assert.java:665)
	at stepDefinitions.LandingPageStep.login_page_tittle_should_be(LandingPageStep.java:69)
	at ?.login page tittle should be &quot;Rahul Shetty Academy123&quot;(file:///D:/IT%20Square/POM/Harsh_Cucumber_POM_Framework/src/test/resources/appFeatures/LandingPage.feature:22)
</pre></div></td>
<td>47</td>
<td>testRunners.TestRunner@5ab956d7</td></tr>
</table><p>
<table width='100%' border='1' class='invocation-passed'>
<tr><td colspan='4' align='center'><b>PASSED TESTS</b></td></tr>
<tr><td><b>Test method</b></td>
<td><b>Attribute(s)</b></td>
<td width="30%"><b>Exception</b></td>
<td width="10%"><b>Time (seconds)</b></td>
<td><b>Instance</b></td>
</tr>
<tr>
<td title='testRunners.TestRunner.runScenario()'><b>runScenario</b><br>Test class: testRunners.TestRunner<br>Test method: Runs Cucumber Scenarios<br>Parameters: "verify presence of forgot password", "Login Page Tests are written"</td>
<td></td>
<td>50</td>
<td>testRunners.TestRunner@5ab956d7</td></tr>
<tr>
<td title='testRunners.TestRunner.runScenario()'><b>runScenario</b><br>Test class: testRunners.TestRunner<br>Test method: Runs Cucumber Scenarios<br>Parameters: "verify presence of Remember me link", "Login Page Tests are written"</td>
<td></td>
<td>50</td>
<td>testRunners.TestRunner@5ab956d7</td></tr>
<tr>
<td title='testRunners.TestRunner.runScenario()'><b>runScenario</b><br>Test class: testRunners.TestRunner<br>Test method: Runs Cucumber Scenarios<br>Parameters: "Join button verification", "Landing Page Tests are written here"</td>
<td></td>
<td>50</td>
<td>testRunners.TestRunner@5ab956d7</td></tr>
<tr>
<td title='testRunners.TestRunner.runScenario()'><b>runScenario</b><br>Test class: testRunners.TestRunner<br>Test method: Runs Cucumber Scenarios<br>Parameters: "Landing Page Tittle", "Landing Page Tests are written here"</td>
<td></td>
<td>51</td>
<td>testRunners.TestRunner@5ab956d7</td></tr>
<tr>
<td title='testRunners.TestRunner.runScenario()'><b>runScenario</b><br>Test class: testRunners.TestRunner<br>Test method: Runs Cucumber Scenarios<br>Parameters: "Example with testNG3", "given is an ex of the Scenario"</td>
<td></td>
<td>8</td>
<td>testRunners.TestRunner@5ab956d7</td></tr>
<tr>
<td title='testRunners.TestRunner.runScenario()'><b>runScenario</b><br>Test class: testRunners.TestRunner<br>Test method: Runs Cucumber Scenarios<br>Parameters: "Example with testNG1", "given is an example of the Scenario"</td>
<td></td>
<td>43</td>
<td>testRunners.TestRunner@5ab956d7</td></tr>
<tr>
<td title='testRunners.TestRunner.runScenario()'><b>runScenario</b><br>Test class: testRunners.TestRunner<br>Test method: Runs Cucumber Scenarios<br>Parameters: "Example with testNG2", "given is an example of the Scenario"</td>
<td></td>
<td>9</td>
<td>testRunners.TestRunner@5ab956d7</td></tr>
<tr>
<td title='testRunners.TestRunner.runScenario()'><b>runScenario</b><br>Test class: testRunners.TestRunner<br>Test method: Runs Cucumber Scenarios<br>Parameters: "Landing Page Header", "Landing Page Tests are written here"</td>
<td></td>
<td>49</td>
<td>testRunners.TestRunner@5ab956d7</td></tr>
<tr>
<td title='testRunners.TestRunner.runScenario()'><b>runScenario</b><br>Test class: testRunners.TestRunner<br>Test method: Runs Cucumber Scenarios<br>Parameters: "Login Page header", "Login Page Tests are written"</td>
<td></td>
<td>50</td>
<td>testRunners.TestRunner@5ab956d7</td></tr>
<tr>
<td title='testRunners.TestRunner.runScenario()'><b>runScenario</b><br>Test class: testRunners.TestRunner<br>Test method: Runs Cucumber Scenarios<br>Parameters: "Login with correct credentials", "Login Page Tests are written"</td>
<td></td>
<td>42</td>
<td>testRunners.TestRunner@5ab956d7</td></tr>
<tr>
<td title='testRunners.TestRunner.runScenario()'><b>runScenario</b><br>Test class: testRunners.TestRunner<br>Test method: Runs Cucumber Scenarios<br>Parameters: "Example with testNG4", "given is an ex of the Scenario"</td>
<td></td>
<td>6</td>
<td>testRunners.TestRunner@5ab956d7</td></tr>
<tr>
<td title='testRunners.TestRunner.runScenario()'><b>runScenario</b><br>Test class: testRunners.TestRunner<br>Test method: Runs Cucumber Scenarios<br>Parameters: "verify presence of Sign up link", "Login Page Tests are written"</td>
<td></td>
<td>46</td>
<td>testRunners.TestRunner@5ab956d7</td></tr>
</table><p>
</body>
</html>